Using pre-set license
Built from '2021.3/staging' branch; Version is '2021.3.9f1 (ad3870b89536) revision 11352176'; Using compiler version '192829333'; Build Type 'Release'
OS: 'Windows 10  (10.0.19044) 64bit Professional' Language: 'en' Physical Memory: 32690 MB
BatchMode: 1, IsHumanControllingUs: 0, StartBugReporterOnCrash: 0, Is64bit: 1, IsPro: 1

COMMAND LINE ARGUMENTS:
C:\Program Files\Unity\Hub\Editor\2021.3.9f1\Editor\Unity.exe
-adb2
-batchMode
-noUpm
-name
AssetImportWorker3
-projectPath
E:/Documents/VA/Unity_game/Critic
-logFile
Logs/AssetImportWorker3.log
-srvPort
61537
Successfully changed project path to: E:/Documents/VA/Unity_game/Critic
E:/Documents/VA/Unity_game/Critic
[UnityMemory] Configuration Parameters - Can be set up in boot.config
    "memorysetup-bucket-allocator-granularity=16"
    "memorysetup-bucket-allocator-bucket-count=8"
    "memorysetup-bucket-allocator-block-size=33554432"
    "memorysetup-bucket-allocator-block-count=8"
    "memorysetup-main-allocator-block-size=16777216"
    "memorysetup-thread-allocator-block-size=16777216"
    "memorysetup-gfx-main-allocator-block-size=16777216"
    "memorysetup-gfx-thread-allocator-block-size=16777216"
    "memorysetup-cache-allocator-block-size=4194304"
    "memorysetup-typetree-allocator-block-size=2097152"
    "memorysetup-profiler-bucket-allocator-granularity=16"
    "memorysetup-profiler-bucket-allocator-bucket-count=8"
    "memorysetup-profiler-bucket-allocator-block-size=33554432"
    "memorysetup-profiler-bucket-allocator-block-count=8"
    "memorysetup-profiler-allocator-block-size=16777216"
    "memorysetup-profiler-editor-allocator-block-size=1048576"
    "memorysetup-temp-allocator-size-main=16777216"
    "memorysetup-job-temp-allocator-block-size=2097152"
    "memorysetup-job-temp-allocator-block-size-background=1048576"
    "memorysetup-job-temp-allocator-reduction-small-platforms=262144"
    "memorysetup-temp-allocator-size-background-worker=32768"
    "memorysetup-temp-allocator-size-job-worker=262144"
    "memorysetup-temp-allocator-size-preload-manager=33554432"
    "memorysetup-temp-allocator-size-nav-mesh-worker=65536"
    "memorysetup-temp-allocator-size-audio-worker=65536"
    "memorysetup-temp-allocator-size-cloud-worker=32768"
    "memorysetup-temp-allocator-size-gi-baking-worker=262144"
    "memorysetup-temp-allocator-size-gfx=262144"
Refreshing native plugins compatible for Editor in 136.06 ms, found 3 plugins.
Preloading 0 native plugins for Editor in 0.00 ms.
Initialize engine version: 2021.3.9f1 (ad3870b89536)
[Subsystems] Discovering subsystems at path C:/Program Files/Unity/Hub/Editor/2021.3.9f1/Editor/Data/Resources/UnitySubsystems
[Subsystems] Discovering subsystems at path E:/Documents/VA/Unity_game/Critic/Assets
GfxDevice: creating device client; threaded=0; jobified=0
Direct3D:
    Version:  Direct3D 11.0 [level 11.1]
    Renderer: NVIDIA Quadro M4000 (ID=0x13f1)
    Vendor:   NVIDIA
    VRAM:     8144 MB
    Driver:   30.0.14.7212
Initialize mono
Mono path[0] = 'C:/Program Files/Unity/Hub/Editor/2021.3.9f1/Editor/Data/Managed'
Mono path[1] = 'C:/Program Files/Unity/Hub/Editor/2021.3.9f1/Editor/Data/MonoBleedingEdge/lib/mono/unityjit-win32'
Mono config path = 'C:/Program Files/Unity/Hub/Editor/2021.3.9f1/Editor/Data/MonoBleedingEdge/etc'
Using monoOptions --debugger-agent=transport=dt_socket,embedding=1,server=y,suspend=n,address=127.0.0.1:56364
Begin MonoManager ReloadAssembly
Registering precompiled unity dll's ...
Register platform support module: C:/Program Files/Unity/Hub/Editor/2021.3.9f1/Editor/Data/PlaybackEngines/WebGLSupport/UnityEditor.WebGL.Extensions.dll
Register platform support module: C:/Program Files/Unity/Hub/Editor/2021.3.9f1/Editor/Data/PlaybackEngines/AndroidPlayer/UnityEditor.Android.Extensions.dll
Register platform support module: C:/Program Files/Unity/Hub/Editor/2021.3.9f1/Editor/Data/PlaybackEngines/WindowsStandaloneSupport/UnityEditor.WindowsStandalone.Extensions.dll
Registered in 0.011133 seconds.
Native extension for WindowsStandalone target not found
Native extension for Android target not found
Native extension for WebGL target not found
Refreshing native plugins compatible for Editor in 133.99 ms, found 3 plugins.
Preloading 0 native plugins for Editor in 0.00 ms.
Mono: successfully reloaded assembly
- Completed reload, in  0.845 seconds
Domain Reload Profiling:
	ReloadAssembly (845ms)
		BeginReloadAssembly (92ms)
			ExecutionOrderSort (0ms)
			DisableScriptedObjects (0ms)
			BackupInstance (0ms)
			ReleaseScriptingObjects (0ms)
			CreateAndSetChildDomain (1ms)
		EndReloadAssembly (618ms)
			LoadAssemblies (90ms)
			RebuildTransferFunctionScriptingTraits (0ms)
			SetupTypeCache (155ms)
			ReleaseScriptCaches (0ms)
			RebuildScriptCaches (32ms)
			SetupLoadedEditorAssemblies (371ms)
				LogAssemblyErrors (0ms)
				InitializePlatformSupportModulesInManaged (66ms)
				SetLoadedEditorAssemblies (0ms)
				RefreshPlugins (134ms)
				BeforeProcessingInitializeOnLoad (2ms)
				ProcessInitializeOnLoadAttributes (117ms)
				ProcessInitializeOnLoadMethodAttributes (52ms)
				AfterProcessingInitializeOnLoad (0ms)
				EditorAssembliesLoaded (0ms)
			ExecutionOrderSort2 (0ms)
			AwakeInstancesAfterBackupRestoration (0ms)
Platform modules already initialized, skipping
Registering precompiled user dll's ...
Registered in 0.006228 seconds.
Android Extension - Scanning For ADB Devices 5089 ms
Begin MonoManager ReloadAssembly
Symbol file LoadedFromMemory doesn't match image E:\Documents\VA\Unity_game\Critic\Library\PackageCache\com.unity.visualscripting@1.7.8\Editor\VisualScripting.Core\Dependencies\YamlDotNet\Unity.VisualScripting.YamlDotNet.dll
Symbol file LoadedFromMemory doesn't match image E:\Documents\VA\Unity_game\Critic\Library\PackageCache\com.unity.visualscripting@1.7.8\Editor\VisualScripting.Core\Dependencies\DotNetZip\Unity.VisualScripting.IonicZip.dll
Native extension for WindowsStandalone target not found
Native extension for Android target not found
Native extension for WebGL target not found
Refreshing native plugins compatible for Editor in 126.66 ms, found 3 plugins.
Preloading 0 native plugins for Editor in 0.00 ms.
Mono: successfully reloaded assembly
- Completed reload, in  8.218 seconds
Domain Reload Profiling:
	ReloadAssembly (8219ms)
		BeginReloadAssembly (142ms)
			ExecutionOrderSort (0ms)
			DisableScriptedObjects (7ms)
			BackupInstance (0ms)
			ReleaseScriptingObjects (0ms)
			CreateAndSetChildDomain (24ms)
		EndReloadAssembly (7854ms)
			LoadAssemblies (4762ms)
			RebuildTransferFunctionScriptingTraits (0ms)
			SetupTypeCache (1030ms)
			ReleaseScriptCaches (1ms)
			RebuildScriptCaches (84ms)
			SetupLoadedEditorAssemblies (1935ms)
				LogAssemblyErrors (0ms)
				InitializePlatformSupportModulesInManaged (21ms)
				SetLoadedEditorAssemblies (0ms)
				RefreshPlugins (127ms)
				BeforeProcessingInitializeOnLoad (129ms)
				ProcessInitializeOnLoadAttributes (502ms)
				ProcessInitializeOnLoadMethodAttributes (1144ms)
				AfterProcessingInitializeOnLoad (11ms)
				EditorAssembliesLoaded (0ms)
			ExecutionOrderSort2 (0ms)
			AwakeInstancesAfterBackupRestoration (7ms)
Platform modules already initialized, skipping
========================================================================
Worker process is ready to serve import requests
Launched and connected shader compiler UnityShaderCompiler.exe after 0.09 seconds
Refreshing native plugins compatible for Editor in 1.20 ms, found 3 plugins.
Preloading 0 native plugins for Editor in 0.00 ms.
Unloading 5666 Unused Serialized files (Serialized files now loaded: 0)
Unloading 52 unused Assets / (0.8 MB). Loaded Objects now: 6124.
Memory consumption went from 222.1 MB to 221.4 MB.
Total: 5.755100 ms (FindLiveObjects: 0.580100 ms CreateObjectMapping: 0.353800 ms MarkObjects: 4.415400 ms  DeleteObjects: 0.404500 ms)

AssetImportParameters requested are different than current active one (requested -> active):
  custom:video-decoder-ogg-theora: a1e56fd34408186e4bbccfd4996cb3dc -> 
  custom:container-muxer-webm: aa71ff27fc2769a1b78a27578f13a17b -> 
  custom:container-demuxer-webm: 4f35f7cbe854078d1ac9338744f61a02 -> 
  custom:video-encoder-webm-vp8: eb34c28f22e8b96e1ab97ce403110664 -> 
  custom:audio-encoder-webm-vorbis: bf7c407c2cedff20999df2af8eb42d56 -> 
  custom:framework-win-MediaFoundation: 216162199b28c13a410421893ffa2e32 -> 
  custom:container-demuxer-ogg: 62fdf1f143b41e24485cea50d1cbac27 -> 
  custom:video-decoder-webm-vp8: 9c59270c3fd7afecdb556c50c9e8de78 -> 
  custom:audio-decoder-ogg-vorbis: bf7c407c2cedff20999df2af8eb42d56 -> 
========================================================================
Received Import Request.
  Time since last request: 783653.786631 seconds.
  path: Assets/Models/Materials/New Folder/1a2bc214-bff2-4bef-a2af-d33e2f4dec0e.asset
  artifactKey: Guid(ddc1af2641f07a047b0c1a4121887d1f) Importer(815301076,1909f56bfc062723c751e8b465ee728b)
Start importing Assets/Models/Materials/New Folder/1a2bc214-bff2-4bef-a2af-d33e2f4dec0e.asset using Guid(ddc1af2641f07a047b0c1a4121887d1f) Importer(815301076,1909f56bfc062723c751e8b465ee728b)  -> (artifact id: 'f34d3e3b0b4410060ab65b261bec1a22') in 0.155482 seconds 
========================================================================
Received Import Request.
  Time since last request: 0.000029 seconds.
  path: Assets/Models/Materials/New Folder/1de3450f-f7e0-465c-a560-dd041c2c48b9.asset
  artifactKey: Guid(896229ef7f4208240b8d7e3b904d4523) Importer(815301076,1909f56bfc062723c751e8b465ee728b)
Start importing Assets/Models/Materials/New Folder/1de3450f-f7e0-465c-a560-dd041c2c48b9.asset using Guid(896229ef7f4208240b8d7e3b904d4523) Importer(815301076,1909f56bfc062723c751e8b465ee728b)  -> (artifact id: '51daf14a18b4b292eeb763e4408dd5bd') in 0.027893 seconds 
========================================================================
Received Import Request.
  Time since last request: 0.000048 seconds.
  path: Assets/Models/Materials/New Folder/02f15f2b-82cf-4b5e-b69a-d83f94ffd374.asset
  artifactKey: Guid(bffd642a15c49e845afc5f64c820c7e5) Importer(815301076,1909f56bfc062723c751e8b465ee728b)
Start importing Assets/Models/Materials/New Folder/02f15f2b-82cf-4b5e-b69a-d83f94ffd374.asset using Guid(bffd642a15c49e845afc5f64c820c7e5) Importer(815301076,1909f56bfc062723c751e8b465ee728b)  -> (artifact id: 'c458191649947b65d74d8f13725710de') in 0.022711 seconds 
========================================================================
Received Import Request.
  Time since last request: 2.116104 seconds.
  path: Assets/Models/Materials/New Folder/4da1c2b9-f90d-4ac1-8e0f-b489fa79715e.asset
  artifactKey: Guid(adf72e88fc037e042a032c6482e0d335) Importer(815301076,1909f56bfc062723c751e8b465ee728b)
Start importing Assets/Models/Materials/New Folder/4da1c2b9-f90d-4ac1-8e0f-b489fa79715e.asset using Guid(adf72e88fc037e042a032c6482e0d335) Importer(815301076,1909f56bfc062723c751e8b465ee728b)  -> (artifact id: 'e7a2b9da8dd08b6ef0dcbafddda7cae0') in 0.025091 seconds 
========================================================================
Received Import Request.
  Time since last request: 0.049185 seconds.
  path: Assets/Models/Materials/New Folder/5de5757f-4a4c-4b27-8a23-803da10ba038.asset
  artifactKey: Guid(153bb1042ccb2674a9ef7fb453ec0cf1) Importer(815301076,1909f56bfc062723c751e8b465ee728b)
Start importing Assets/Models/Materials/New Folder/5de5757f-4a4c-4b27-8a23-803da10ba038.asset using Guid(153bb1042ccb2674a9ef7fb453ec0cf1) Importer(815301076,1909f56bfc062723c751e8b465ee728b)  -> (artifact id: '7abad3a916078931173a5a15566a3407') in 0.022969 seconds 
========================================================================
Received Import Request.
  Time since last request: 0.000028 seconds.
  path: Assets/Models/Materials/New Folder/6c3e1f81-8401-4e80-8555-11a97e00b9c3.asset
  artifactKey: Guid(c53996876811d3e42bc97d05513c4bc7) Importer(815301076,1909f56bfc062723c751e8b465ee728b)
Start importing Assets/Models/Materials/New Folder/6c3e1f81-8401-4e80-8555-11a97e00b9c3.asset using Guid(c53996876811d3e42bc97d05513c4bc7) Importer(815301076,1909f56bfc062723c751e8b465ee728b)  -> (artifact id: '2c6c535af48728c52cc9acf647458e38') in 0.027858 seconds 
========================================================================
Received Import Request.
  Time since last request: 0.370304 seconds.
  path: Assets/Models/Materials/New Folder/6e509df6-1c72-4672-adef-03a20fd8a48d.asset
  artifactKey: Guid(4d368c1beeeae4340924689bd8db3408) Importer(815301076,1909f56bfc062723c751e8b465ee728b)
Start importing Assets/Models/Materials/New Folder/6e509df6-1c72-4672-adef-03a20fd8a48d.asset using Guid(4d368c1beeeae4340924689bd8db3408) Importer(815301076,1909f56bfc062723c751e8b465ee728b)  -> (artifact id: 'e269d819ccac3d9902224fe04fe3057e') in 0.022587 seconds 
========================================================================
Received Import Request.
  Time since last request: 0.000031 seconds.
  path: Assets/Models/Materials/New Folder/8a6de1f1-76f9-4618-b34f-5427fef6cb14.asset
  artifactKey: Guid(6552fc6a581b0c543a0213ae7984cb21) Importer(815301076,1909f56bfc062723c751e8b465ee728b)
Start importing Assets/Models/Materials/New Folder/8a6de1f1-76f9-4618-b34f-5427fef6cb14.asset using Guid(6552fc6a581b0c543a0213ae7984cb21) Importer(815301076,1909f56bfc062723c751e8b465ee728b)  -> (artifact id: '2f221e3d7e659fab82759094d3a5fd3c') in 0.024146 seconds 
========================================================================
Received Import Request.
  Time since last request: 0.339151 seconds.
  path: Assets/Models/Materials/New Folder/8b0e9515-00b2-4061-a40d-46d50d193b28.asset
  artifactKey: Guid(9db49f34eddc3684cae96420a51a60cb) Importer(815301076,1909f56bfc062723c751e8b465ee728b)
Start importing Assets/Models/Materials/New Folder/8b0e9515-00b2-4061-a40d-46d50d193b28.asset using Guid(9db49f34eddc3684cae96420a51a60cb) Importer(815301076,1909f56bfc062723c751e8b465ee728b)  -> (artifact id: '6fe5fe9a97983295938537a4740468d0') in 0.023319 seconds 
========================================================================
Received Import Request.
  Time since last request: 0.000027 seconds.
  path: Assets/Models/Materials/New Folder/21b2c436-22bf-4a56-b5a8-180dad1b0c1b.asset
  artifactKey: Guid(56a076da25fc7fd4fb0e107ba2791c6c) Importer(815301076,1909f56bfc062723c751e8b465ee728b)
Start importing Assets/Models/Materials/New Folder/21b2c436-22bf-4a56-b5a8-180dad1b0c1b.asset using Guid(56a076da25fc7fd4fb0e107ba2791c6c) Importer(815301076,1909f56bfc062723c751e8b465ee728b)  -> (artifact id: '0b36a624689b9a12d245f1aee6cf0af8') in 0.024246 seconds 
========================================================================
Received Import Request.
  Time since last request: 0.029341 seconds.
  path: Assets/Models/Materials/New Folder/34c54556-b320-4487-81cd-67092a5250e8.asset
  artifactKey: Guid(5160ecde7c106884f857c0110972d134) Importer(815301076,1909f56bfc062723c751e8b465ee728b)
Start importing Assets/Models/Materials/New Folder/34c54556-b320-4487-81cd-67092a5250e8.asset using Guid(5160ecde7c106884f857c0110972d134) Importer(815301076,1909f56bfc062723c751e8b465ee728b)  -> (artifact id: 'f954a35cf04dfc419c9be2dbec63d37d') in 0.024650 seconds 
========================================================================
Received Import Request.
  Time since last request: 0.569116 seconds.
  path: Assets/Models/Materials/New Folder/45ef01f9-87ea-4358-804d-b0f6f3abcc42.asset
  artifactKey: Guid(7a84be3eabaebaa45932ec6c16c87b6c) Importer(815301076,1909f56bfc062723c751e8b465ee728b)
Start importing Assets/Models/Materials/New Folder/45ef01f9-87ea-4358-804d-b0f6f3abcc42.asset using Guid(7a84be3eabaebaa45932ec6c16c87b6c) Importer(815301076,1909f56bfc062723c751e8b465ee728b)  -> (artifact id: '91c1c7e58d2e35d3c683e4388430972f') in 0.020693 seconds 
========================================================================
Received Import Request.
  Time since last request: 0.062167 seconds.
  path: Assets/Models/Materials/New Folder/78c861dc-6516-490f-bd40-ced0bd82ccc6.asset
  artifactKey: Guid(5a8e29126c873384c961eb941a822034) Importer(815301076,1909f56bfc062723c751e8b465ee728b)
Start importing Assets/Models/Materials/New Folder/78c861dc-6516-490f-bd40-ced0bd82ccc6.asset using Guid(5a8e29126c873384c961eb941a822034) Importer(815301076,1909f56bfc062723c751e8b465ee728b)  -> (artifact id: 'a443f0bd9277bb3d5322c7dc2ca0bbaf') in 0.020352 seconds 
========================================================================
Received Import Request.
  Time since last request: 0.410068 seconds.
  path: Assets/Models/Materials/New Folder/0290ae15-e0c2-40c0-8b0e-359acfc1c4c9.asset
  artifactKey: Guid(f2c3d27d22e4af041825112fb246e3f6) Importer(815301076,1909f56bfc062723c751e8b465ee728b)
Start importing Assets/Models/Materials/New Folder/0290ae15-e0c2-40c0-8b0e-359acfc1c4c9.asset using Guid(f2c3d27d22e4af041825112fb246e3f6) Importer(815301076,1909f56bfc062723c751e8b465ee728b)  -> (artifact id: '05b8e49f9ecf231aec5decf4478ad5c2') in 0.023213 seconds 
========================================================================
Received Import Request.
  Time since last request: 0.000030 seconds.
  path: Assets/Models/Materials/New Folder/408c0d07-c4f0-4d6c-aa2f-741a6cb93223.asset
  artifactKey: Guid(30513e9681cb78746bd55b83204a9482) Importer(815301076,1909f56bfc062723c751e8b465ee728b)
Start importing Assets/Models/Materials/New Folder/408c0d07-c4f0-4d6c-aa2f-741a6cb93223.asset using Guid(30513e9681cb78746bd55b83204a9482) Importer(815301076,1909f56bfc062723c751e8b465ee728b)  -> (artifact id: 'b4025594d6c014983afe7720fa80cbf0') in 0.024997 seconds 
========================================================================
Received Import Request.
  Time since last request: 0.000039 seconds.
  path: Assets/Models/Materials/New Folder/390a5cbe-dae8-47ab-a799-8a64f52638a1.asset
  artifactKey: Guid(ad662445b35acf143836b64008fa648a) Importer(815301076,1909f56bfc062723c751e8b465ee728b)
Start importing Assets/Models/Materials/New Folder/390a5cbe-dae8-47ab-a799-8a64f52638a1.asset using Guid(ad662445b35acf143836b64008fa648a) Importer(815301076,1909f56bfc062723c751e8b465ee728b)  -> (artifact id: '6816243b9a3b5342c427629308ba82e7') in 0.023524 seconds 
========================================================================
Received Import Request.
  Time since last request: 0.019010 seconds.
  path: Assets/Models/Materials/New Folder/547ff158-7961-41fc-b8df-7dc64835c103.asset
  artifactKey: Guid(f44950b752c3a5847a67a78696bf5492) Importer(815301076,1909f56bfc062723c751e8b465ee728b)
Start importing Assets/Models/Materials/New Folder/547ff158-7961-41fc-b8df-7dc64835c103.asset using Guid(f44950b752c3a5847a67a78696bf5492) Importer(815301076,1909f56bfc062723c751e8b465ee728b)  -> (artifact id: '7196b8bb06a3fa0e8eba9776280fcb3b') in 0.022098 seconds 
========================================================================
Received Import Request.
  Time since last request: 0.504491 seconds.
  path: Assets/Models/Materials/New Folder/635b3fc5-243e-4035-9921-d3d4c7677e0f.asset
  artifactKey: Guid(542011765f84f2842916df9b2218ee07) Importer(815301076,1909f56bfc062723c751e8b465ee728b)
Start importing Assets/Models/Materials/New Folder/635b3fc5-243e-4035-9921-d3d4c7677e0f.asset using Guid(542011765f84f2842916df9b2218ee07) Importer(815301076,1909f56bfc062723c751e8b465ee728b)  -> (artifact id: 'e80ee37f5576a283a50ab9e39d5c0ede') in 0.022183 seconds 
========================================================================
Received Import Request.
  Time since last request: 0.000043 seconds.
  path: Assets/Models/Materials/New Folder/0785e7bc-1b38-4336-a17d-f7ade8899198.asset
  artifactKey: Guid(5b1f1f08579661446ac12678c1739018) Importer(815301076,1909f56bfc062723c751e8b465ee728b)
Start importing Assets/Models/Materials/New Folder/0785e7bc-1b38-4336-a17d-f7ade8899198.asset using Guid(5b1f1f08579661446ac12678c1739018) Importer(815301076,1909f56bfc062723c751e8b465ee728b)  -> (artifact id: '100dd3cf3f691f9e05d5c587fc856681') in 0.024482 seconds 
========================================================================
Received Import Request.
  Time since last request: 0.000034 seconds.
  path: Assets/Models/Materials/New Folder/997fe361-73c0-4559-a91f-eb8bccad57ea.asset
  artifactKey: Guid(92e5e9ead265f35498c30dcc716e4a2a) Importer(815301076,1909f56bfc062723c751e8b465ee728b)
Start importing Assets/Models/Materials/New Folder/997fe361-73c0-4559-a91f-eb8bccad57ea.asset using Guid(92e5e9ead265f35498c30dcc716e4a2a) Importer(815301076,1909f56bfc062723c751e8b465ee728b)  -> (artifact id: 'b5104ca1e0200b2e1b47f8c2e93569eb') in 0.024838 seconds 
========================================================================
Received Import Request.
  Time since last request: 0.000022 seconds.
  path: Assets/Models/Materials/New Folder/1693af4e-2249-4a47-b14e-51a453035596.asset
  artifactKey: Guid(bca8bb998e0f6614d9ebb584d36e5c5a) Importer(815301076,1909f56bfc062723c751e8b465ee728b)
Start importing Assets/Models/Materials/New Folder/1693af4e-2249-4a47-b14e-51a453035596.asset using Guid(bca8bb998e0f6614d9ebb584d36e5c5a) Importer(815301076,1909f56bfc062723c751e8b465ee728b)  -> (artifact id: 'a3e3724b25526deeb0d52af2a37c0fe3') in 0.020647 seconds 
========================================================================
Received Import Request.
  Time since last request: 1.489744 seconds.
  path: Assets/Models/Materials/New Folder/4548f14d-5f45-45c9-bd3f-299606f1920a.asset
  artifactKey: Guid(73adcbdda9d6b34458bab736ae7abc20) Importer(815301076,1909f56bfc062723c751e8b465ee728b)
Start importing Assets/Models/Materials/New Folder/4548f14d-5f45-45c9-bd3f-299606f1920a.asset using Guid(73adcbdda9d6b34458bab736ae7abc20) Importer(815301076,1909f56bfc062723c751e8b465ee728b)  -> (artifact id: '41a870563229977f4a4cadc710d5365e') in 0.025931 seconds 
========================================================================
Received Import Request.
  Time since last request: 0.048368 seconds.
  path: Assets/Models/Materials/New Folder/8120f154-2430-4c7f-a3e4-2cc50a91dad6.asset
  artifactKey: Guid(e2f9cab4f155e584181f578ae47c81b1) Importer(815301076,1909f56bfc062723c751e8b465ee728b)
Start importing Assets/Models/Materials/New Folder/8120f154-2430-4c7f-a3e4-2cc50a91dad6.asset using Guid(e2f9cab4f155e584181f578ae47c81b1) Importer(815301076,1909f56bfc062723c751e8b465ee728b)  -> (artifact id: 'f3949755368d2c3f8af8626012ebda3a') in 0.024721 seconds 
========================================================================
Received Import Request.
  Time since last request: 0.439823 seconds.
  path: Assets/Models/Materials/New Folder/13272f84-c0fd-400e-a17d-d0bf0d86ece4.asset
  artifactKey: Guid(7d618655757dd5f43bb65e12e381e91d) Importer(815301076,1909f56bfc062723c751e8b465ee728b)
Start importing Assets/Models/Materials/New Folder/13272f84-c0fd-400e-a17d-d0bf0d86ece4.asset using Guid(7d618655757dd5f43bb65e12e381e91d) Importer(815301076,1909f56bfc062723c751e8b465ee728b)  -> (artifact id: '8471035b50c0ce55a4e6832cc3924ea5') in 0.022226 seconds 
========================================================================
Received Import Request.
  Time since last request: 0.629806 seconds.
  path: Assets/Models/Materials/New Folder/59819ecf-93d6-4cd6-a9d6-868f5bfd091d.asset
  artifactKey: Guid(6a0256e25233bc243906bdba3af4dc63) Importer(815301076,1909f56bfc062723c751e8b465ee728b)
Start importing Assets/Models/Materials/New Folder/59819ecf-93d6-4cd6-a9d6-868f5bfd091d.asset using Guid(6a0256e25233bc243906bdba3af4dc63) Importer(815301076,1909f56bfc062723c751e8b465ee728b)  -> (artifact id: '6b8ca8a90d0c65a29d44d9e4b2dc6748') in 0.024495 seconds 
========================================================================
Received Import Request.
  Time since last request: 0.000043 seconds.
  path: Assets/Models/Materials/New Folder/546658ff-abe1-4542-8dd2-aedfd9056f31.asset
  artifactKey: Guid(4ec4a09e6ed809f42ab765a4a03924fd) Importer(815301076,1909f56bfc062723c751e8b465ee728b)
Start importing Assets/Models/Materials/New Folder/546658ff-abe1-4542-8dd2-aedfd9056f31.asset using Guid(4ec4a09e6ed809f42ab765a4a03924fd) Importer(815301076,1909f56bfc062723c751e8b465ee728b)  -> (artifact id: 'b15addd4bf0ebb128e1e9c5852653b4e') in 0.026076 seconds 
========================================================================
Received Import Request.
  Time since last request: 0.424758 seconds.
  path: Assets/Models/Materials/New Folder/06178923-b72e-4347-bd45-70697cec6667.asset
  artifactKey: Guid(d5ae8a1acb762b444be470653e934a10) Importer(815301076,1909f56bfc062723c751e8b465ee728b)
Start importing Assets/Models/Materials/New Folder/06178923-b72e-4347-bd45-70697cec6667.asset using Guid(d5ae8a1acb762b444be470653e934a10) Importer(815301076,1909f56bfc062723c751e8b465ee728b)  -> (artifact id: 'af9ca509ce5ff65feead602c8ad8977e') in 0.026842 seconds 
========================================================================
Received Import Request.
  Time since last request: 0.000036 seconds.
  path: Assets/Models/Materials/New Folder/06898296-7730-47cf-a4a0-5674d792bc39.asset
  artifactKey: Guid(3031f4700d7c44d4abd91c4a014d71ec) Importer(815301076,1909f56bfc062723c751e8b465ee728b)
Start importing Assets/Models/Materials/New Folder/06898296-7730-47cf-a4a0-5674d792bc39.asset using Guid(3031f4700d7c44d4abd91c4a014d71ec) Importer(815301076,1909f56bfc062723c751e8b465ee728b)  -> (artifact id: 'a8f3bdac277767b7bc5e603b6c023aa3') in 0.026083 seconds 
========================================================================
Received Import Request.
  Time since last request: 0.071518 seconds.
  path: Assets/Models/Materials/New Folder/61216055-5b50-4ef1-94ef-50cd0903a616.asset
  artifactKey: Guid(5cd5f28e6d91444409d7c969ed383088) Importer(815301076,1909f56bfc062723c751e8b465ee728b)
Start importing Assets/Models/Materials/New Folder/61216055-5b50-4ef1-94ef-50cd0903a616.asset using Guid(5cd5f28e6d91444409d7c969ed383088) Importer(815301076,1909f56bfc062723c751e8b465ee728b)  -> (artifact id: 'b3e3767486d7f80595f2ca08ea2f902e') in 0.020268 seconds 
========================================================================
Received Import Request.
  Time since last request: 0.510982 seconds.
  path: Assets/Models/Materials/New Folder/a9d1f5d9-638f-4bce-843b-6593d93ce06f.asset
  artifactKey: Guid(38b104458dc3f3149a3aa42e2efcc9cf) Importer(815301076,1909f56bfc062723c751e8b465ee728b)
Start importing Assets/Models/Materials/New Folder/a9d1f5d9-638f-4bce-843b-6593d93ce06f.asset using Guid(38b104458dc3f3149a3aa42e2efcc9cf) Importer(815301076,1909f56bfc062723c751e8b465ee728b)  -> (artifact id: 'de58d8645627dc0f7ba8cad0e86acd9d') in 0.023683 seconds 
========================================================================
Received Import Request.
  Time since last request: 0.066800 seconds.
  path: Assets/Models/Materials/New Folder/a710b22b-e2bc-47d2-9f7c-801430e424df.asset
  artifactKey: Guid(2c92edc47f462ce4d878c9e336abe0d2) Importer(815301076,1909f56bfc062723c751e8b465ee728b)
Start importing Assets/Models/Materials/New Folder/a710b22b-e2bc-47d2-9f7c-801430e424df.asset using Guid(2c92edc47f462ce4d878c9e336abe0d2) Importer(815301076,1909f56bfc062723c751e8b465ee728b)  -> (artifact id: '35b5f4d9f82eb5e2bbad9c04970ee372') in 0.021991 seconds 
========================================================================
Received Import Request.
  Time since last request: 0.000028 seconds.
  path: Assets/Models/Materials/New Folder/b5d6bed1-371b-4dd1-ae8c-043f5c93d793.asset
  artifactKey: Guid(b18bafe7343fab9458864b6d9aa37dc4) Importer(815301076,1909f56bfc062723c751e8b465ee728b)
Start importing Assets/Models/Materials/New Folder/b5d6bed1-371b-4dd1-ae8c-043f5c93d793.asset using Guid(b18bafe7343fab9458864b6d9aa37dc4) Importer(815301076,1909f56bfc062723c751e8b465ee728b)  -> (artifact id: 'a230ce096997c0615023567126fe6417') in 0.024047 seconds 
========================================================================
Received Import Request.
  Time since last request: 0.416569 seconds.
  path: Assets/Models/Materials/New Folder/b158e801-4ae6-4eaf-92c6-afed47deea28.asset
  artifactKey: Guid(6aa521b17482e8c40a2f5df81ac1b1d6) Importer(815301076,1909f56bfc062723c751e8b465ee728b)
Start importing Assets/Models/Materials/New Folder/b158e801-4ae6-4eaf-92c6-afed47deea28.asset using Guid(6aa521b17482e8c40a2f5df81ac1b1d6) Importer(815301076,1909f56bfc062723c751e8b465ee728b)  -> (artifact id: '82706a2b11dec9ab082e0adef452d029') in 0.023370 seconds 
========================================================================
Received Import Request.
  Time since last request: 0.064536 seconds.
  path: Assets/Models/Materials/New Folder/b775bfb9-bdea-49b2-a8f2-59319832460d.asset
  artifactKey: Guid(65be3107292987b428506fb7b3a93ff4) Importer(815301076,1909f56bfc062723c751e8b465ee728b)
Start importing Assets/Models/Materials/New Folder/b775bfb9-bdea-49b2-a8f2-59319832460d.asset using Guid(65be3107292987b428506fb7b3a93ff4) Importer(815301076,1909f56bfc062723c751e8b465ee728b)  -> (artifact id: '0da24c5b5df95e8a919c6ebe087a2e40') in 0.019535 seconds 
========================================================================
Received Import Request.
  Time since last request: 0.371420 seconds.
  path: Assets/Models/Materials/New Folder/b9514aa2-d405-4a5a-8bf5-eec2485d9595.asset
  artifactKey: Guid(e8db6fa4c873f1f43ace70867fa5e6a4) Importer(815301076,1909f56bfc062723c751e8b465ee728b)
Start importing Assets/Models/Materials/New Folder/b9514aa2-d405-4a5a-8bf5-eec2485d9595.asset using Guid(e8db6fa4c873f1f43ace70867fa5e6a4) Importer(815301076,1909f56bfc062723c751e8b465ee728b)  -> (artifact id: '9f753c13a7512704d6c9cae77bef5ac6') in 0.021128 seconds 
========================================================================
Received Import Request.
  Time since last request: 0.000026 seconds.
  path: Assets/Models/Materials/New Folder/be415907-56a2-403b-9c59-fbca08f0d697.asset
  artifactKey: Guid(3f0034fced8917949ac37281f4c719fa) Importer(815301076,1909f56bfc062723c751e8b465ee728b)
Start importing Assets/Models/Materials/New Folder/be415907-56a2-403b-9c59-fbca08f0d697.asset using Guid(3f0034fced8917949ac37281f4c719fa) Importer(815301076,1909f56bfc062723c751e8b465ee728b)  -> (artifact id: '746347760ba3f834f747cc8237bfdb13') in 0.022612 seconds 
========================================================================
Received Import Request.
  Time since last request: 0.496001 seconds.
  path: Assets/Models/Materials/New Folder/c6cbf201-73f3-458b-8168-c3a1b3f4f982.asset
  artifactKey: Guid(b2883921c77e9c24b877d811effffdbe) Importer(815301076,1909f56bfc062723c751e8b465ee728b)
Start importing Assets/Models/Materials/New Folder/c6cbf201-73f3-458b-8168-c3a1b3f4f982.asset using Guid(b2883921c77e9c24b877d811effffdbe) Importer(815301076,1909f56bfc062723c751e8b465ee728b)  -> (artifact id: '2b287600dddab98dc5470a9ee8161fd1') in 0.025846 seconds 
========================================================================
Received Import Request.
  Time since last request: 0.000023 seconds.
  path: Assets/Models/Materials/New Folder/c140a32e-aae1-496b-ae8b-391cd3276368.asset
  artifactKey: Guid(570838a2aa0c5db46903100195313c17) Importer(815301076,1909f56bfc062723c751e8b465ee728b)
Start importing Assets/Models/Materials/New Folder/c140a32e-aae1-496b-ae8b-391cd3276368.asset using Guid(570838a2aa0c5db46903100195313c17) Importer(815301076,1909f56bfc062723c751e8b465ee728b)  -> (artifact id: 'fcd792adc101939eac1cee791af038d6') in 0.023207 seconds 
========================================================================
Received Import Request.
  Time since last request: 0.041969 seconds.
  path: Assets/Models/Materials/New Folder/c2461bd8-7aa6-4847-a5db-8d94877f6fa0.asset
  artifactKey: Guid(1c19c4581c339954cba51b6ee37e4096) Importer(815301076,1909f56bfc062723c751e8b465ee728b)
Start importing Assets/Models/Materials/New Folder/c2461bd8-7aa6-4847-a5db-8d94877f6fa0.asset using Guid(1c19c4581c339954cba51b6ee37e4096) Importer(815301076,1909f56bfc062723c751e8b465ee728b)  -> (artifact id: '35b7be5ba4143df8bea5f601db41905d') in 0.019443 seconds 
========================================================================
Received Import Request.
  Time since last request: 0.883906 seconds.
  path: Assets/Models/Materials/New Folder/da572ebb-b6c4-4d3f-8819-91b4f0ce8f72.asset
  artifactKey: Guid(65d403078d6ca20459ea7736d4f0d945) Importer(815301076,1909f56bfc062723c751e8b465ee728b)
Start importing Assets/Models/Materials/New Folder/da572ebb-b6c4-4d3f-8819-91b4f0ce8f72.asset using Guid(65d403078d6ca20459ea7736d4f0d945) Importer(815301076,1909f56bfc062723c751e8b465ee728b)  -> (artifact id: '52e9ffc0053114721a019b8cb0293224') in 0.028644 seconds 
========================================================================
Received Import Request.
  Time since last request: 0.032671 seconds.
  path: Assets/Models/Materials/New Folder/e3c5d6c3-6bba-4d41-a14a-372187f79b4a.asset
  artifactKey: Guid(e07319ca27eb71449b95e642fc6e117d) Importer(815301076,1909f56bfc062723c751e8b465ee728b)
Start importing Assets/Models/Materials/New Folder/e3c5d6c3-6bba-4d41-a14a-372187f79b4a.asset using Guid(e07319ca27eb71449b95e642fc6e117d) Importer(815301076,1909f56bfc062723c751e8b465ee728b)  -> (artifact id: '27f90c5db189540299e4032ffe5acbe3') in 0.021495 seconds 
========================================================================
Received Import Request.
  Time since last request: 6.411946 seconds.
  path: Assets/Models/Materials/New Folder/ecafced7-4033-4acb-b908-24e956a866a1.asset
  artifactKey: Guid(4811b0736bc5b6945ba302509406c85e) Importer(815301076,1909f56bfc062723c751e8b465ee728b)
Start importing Assets/Models/Materials/New Folder/ecafced7-4033-4acb-b908-24e956a866a1.asset using Guid(4811b0736bc5b6945ba302509406c85e) Importer(815301076,1909f56bfc062723c751e8b465ee728b)  -> (artifact id: 'bb1e1520454f8ec053566bb05f12948a') in 0.024593 seconds 
========================================================================
Received Import Request.
  Time since last request: 0.072172 seconds.
  path: Assets/Models/Materials/New Folder/eeb6873d-a91c-40f0-b1e3-5905a5dbdc77.asset
  artifactKey: Guid(433caabf09cdf5f4daaf8a58036b312e) Importer(815301076,1909f56bfc062723c751e8b465ee728b)
Start importing Assets/Models/Materials/New Folder/eeb6873d-a91c-40f0-b1e3-5905a5dbdc77.asset using Guid(433caabf09cdf5f4daaf8a58036b312e) Importer(815301076,1909f56bfc062723c751e8b465ee728b)  -> (artifact id: 'a3525393000f343a4e541a2493a074cf') in 0.023294 seconds 
========================================================================
Received Import Request.
  Time since last request: 0.428515 seconds.
  path: Assets/Models/Materials/New Folder/f3b7666a-84a9-4c6f-8579-6cf75fb30182.asset
  artifactKey: Guid(e385ed62389b46d4993ad816422a15d2) Importer(815301076,1909f56bfc062723c751e8b465ee728b)
Start importing Assets/Models/Materials/New Folder/f3b7666a-84a9-4c6f-8579-6cf75fb30182.asset using Guid(e385ed62389b46d4993ad816422a15d2) Importer(815301076,1909f56bfc062723c751e8b465ee728b)  -> (artifact id: '8db3f325e315f2a6b875986a2bf556dc') in 0.023198 seconds 
========================================================================
Received Import Request.
  Time since last request: 0.480540 seconds.
  path: Assets/Models/Materials/New Folder/f15d0658-0369-4f8b-acea-f477b427b684.asset
  artifactKey: Guid(f14431c6e7d057742a2528c47c7076f6) Importer(815301076,1909f56bfc062723c751e8b465ee728b)
Start importing Assets/Models/Materials/New Folder/f15d0658-0369-4f8b-acea-f477b427b684.asset using Guid(f14431c6e7d057742a2528c47c7076f6) Importer(815301076,1909f56bfc062723c751e8b465ee728b)  -> (artifact id: '0cd2ca4a789e5f483da6cdf4f61e7adb') in 0.023015 seconds 
========================================================================
Received Import Request.
  Time since last request: 0.980138 seconds.
  path: Assets/Models/Materials/New Folder/f070d9fc-5115-401b-9844-70b03233ec45.asset
  artifactKey: Guid(e9b173ed5cd85cf47bdfff9ecac92ce1) Importer(815301076,1909f56bfc062723c751e8b465ee728b)
Start importing Assets/Models/Materials/New Folder/f070d9fc-5115-401b-9844-70b03233ec45.asset using Guid(e9b173ed5cd85cf47bdfff9ecac92ce1) Importer(815301076,1909f56bfc062723c751e8b465ee728b)  -> (artifact id: 'fdad1f9af573c94111690b42159ff0ec') in 0.023856 seconds 
========================================================================
Received Import Request.
  Time since last request: 0.566863 seconds.
  path: Assets/Models/Materials/New Folder/f854211d-8e74-40c7-8cc9-cf9a0f21bd1c.asset
  artifactKey: Guid(0fab56c93f2739c43a6c62d39499f798) Importer(815301076,1909f56bfc062723c751e8b465ee728b)
Start importing Assets/Models/Materials/New Folder/f854211d-8e74-40c7-8cc9-cf9a0f21bd1c.asset using Guid(0fab56c93f2739c43a6c62d39499f798) Importer(815301076,1909f56bfc062723c751e8b465ee728b)  -> (artifact id: 'c5b004e84b5833ecc5894bf7c7bebbda') in 0.024089 seconds 
========================================================================
Received Import Request.
  Time since last request: 0.038837 seconds.
  path: Assets/Models/Materials/New Folder/fd1090bd-6676-4e79-939f-b3827a30d5d0.asset
  artifactKey: Guid(1dced2866ff3aca438a214d1b8ed4ce9) Importer(815301076,1909f56bfc062723c751e8b465ee728b)
Start importing Assets/Models/Materials/New Folder/fd1090bd-6676-4e79-939f-b3827a30d5d0.asset using Guid(1dced2866ff3aca438a214d1b8ed4ce9) Importer(815301076,1909f56bfc062723c751e8b465ee728b)  -> (artifact id: '1baf8b81e3c052c670f2c4dd9aaabaa1') in 0.023705 seconds 
========================================================================
Received Prepare
Registering precompiled user dll's ...
Registered in 0.007420 seconds.
Begin MonoManager ReloadAssembly
Symbol file LoadedFromMemory doesn't match image E:\Documents\VA\Unity_game\Critic\Library\PackageCache\com.unity.visualscripting@1.7.8\Editor\VisualScripting.Core\Dependencies\YamlDotNet\Unity.VisualScripting.YamlDotNet.dll
Symbol file LoadedFromMemory doesn't match image E:\Documents\VA\Unity_game\Critic\Library\PackageCache\com.unity.visualscripting@1.7.8\Editor\VisualScripting.Core\Dependencies\DotNetZip\Unity.VisualScripting.IonicZip.dll
Native extension for WindowsStandalone target not found
Native extension for Android target not found
Native extension for WebGL target not found
Refreshing native plugins compatible for Editor in 1.24 ms, found 3 plugins.
Preloading 0 native plugins for Editor in 0.00 ms.
Mono: successfully reloaded assembly
- Completed reload, in  1.840 seconds
Domain Reload Profiling:
	ReloadAssembly (1841ms)
		BeginReloadAssembly (186ms)
			ExecutionOrderSort (0ms)
			DisableScriptedObjects (7ms)
			BackupInstance (0ms)
			ReleaseScriptingObjects (0ms)
			CreateAndSetChildDomain (57ms)
		EndReloadAssembly (1517ms)
			LoadAssemblies (121ms)
			RebuildTransferFunctionScriptingTraits (0ms)
			SetupTypeCache (463ms)
			ReleaseScriptCaches (2ms)
			RebuildScriptCaches (78ms)
			SetupLoadedEditorAssemblies (765ms)
				LogAssemblyErrors (0ms)
				InitializePlatformSupportModulesInManaged (33ms)
				SetLoadedEditorAssemblies (1ms)
				RefreshPlugins (1ms)
				BeforeProcessingInitializeOnLoad (122ms)
				ProcessInitializeOnLoadAttributes (454ms)
				ProcessInitializeOnLoadMethodAttributes (143ms)
				AfterProcessingInitializeOnLoad (11ms)
				EditorAssembliesLoaded (0ms)
			ExecutionOrderSort2 (0ms)
			AwakeInstancesAfterBackupRestoration (23ms)
Platform modules already initialized, skipping
Refreshing native plugins compatible for Editor in 3.13 ms, found 3 plugins.
Preloading 0 native plugins for Editor in 0.00 ms.
Unloading 5541 Unused Serialized files (Serialized files now loaded: 0)
Unloading 31 unused Assets / (0.7 MB). Loaded Objects now: 6149.
Memory consumption went from 219.1 MB to 218.4 MB.
Total: 5.751800 ms (FindLiveObjects: 0.901100 ms CreateObjectMapping: 0.454800 ms MarkObjects: 3.865100 ms  DeleteObjects: 0.529100 ms)

AssetImportParameters requested are different than current active one (requested -> active):
  custom:video-decoder-ogg-theora: a1e56fd34408186e4bbccfd4996cb3dc -> 
  custom:container-muxer-webm: aa71ff27fc2769a1b78a27578f13a17b -> 
  custom:container-demuxer-webm: 4f35f7cbe854078d1ac9338744f61a02 -> 
  custom:video-encoder-webm-vp8: eb34c28f22e8b96e1ab97ce403110664 -> 
  custom:audio-encoder-webm-vorbis: bf7c407c2cedff20999df2af8eb42d56 -> 
  custom:framework-win-MediaFoundation: 216162199b28c13a410421893ffa2e32 -> 
  custom:container-demuxer-ogg: 62fdf1f143b41e24485cea50d1cbac27 -> 
  custom:video-decoder-webm-vp8: 9c59270c3fd7afecdb556c50c9e8de78 -> 
  custom:audio-decoder-ogg-vorbis: bf7c407c2cedff20999df2af8eb42d56 -> 
========================================================================
Received Prepare
Registering precompiled user dll's ...
Registered in 0.009242 seconds.
Begin MonoManager ReloadAssembly
Symbol file LoadedFromMemory doesn't match image E:\Documents\VA\Unity_game\Critic\Library\PackageCache\com.unity.visualscripting@1.7.8\Editor\VisualScripting.Core\Dependencies\YamlDotNet\Unity.VisualScripting.YamlDotNet.dll
Symbol file LoadedFromMemory doesn't match image E:\Documents\VA\Unity_game\Critic\Library\PackageCache\com.unity.visualscripting@1.7.8\Editor\VisualScripting.Core\Dependencies\DotNetZip\Unity.VisualScripting.IonicZip.dll
Native extension for WindowsStandalone target not found
Native extension for Android target not found
Native extension for WebGL target not found
Refreshing native plugins compatible for Editor in 1.96 ms, found 3 plugins.
Preloading 0 native plugins for Editor in 0.00 ms.
Mono: successfully reloaded assembly
- Completed reload, in  1.811 seconds
Domain Reload Profiling:
	ReloadAssembly (1812ms)
		BeginReloadAssembly (186ms)
			ExecutionOrderSort (0ms)
			DisableScriptedObjects (6ms)
			BackupInstance (0ms)
			ReleaseScriptingObjects (0ms)
			CreateAndSetChildDomain (54ms)
		EndReloadAssembly (1496ms)
			LoadAssemblies (133ms)
			RebuildTransferFunctionScriptingTraits (0ms)
			SetupTypeCache (469ms)
			ReleaseScriptCaches (3ms)
			RebuildScriptCaches (75ms)
			SetupLoadedEditorAssemblies (749ms)
				LogAssemblyErrors (0ms)
				InitializePlatformSupportModulesInManaged (38ms)
				SetLoadedEditorAssemblies (1ms)
				RefreshPlugins (2ms)
				BeforeProcessingInitializeOnLoad (122ms)
				ProcessInitializeOnLoadAttributes (438ms)
				ProcessInitializeOnLoadMethodAttributes (134ms)
				AfterProcessingInitializeOnLoad (12ms)
				EditorAssembliesLoaded (0ms)
			ExecutionOrderSort2 (0ms)
			AwakeInstancesAfterBackupRestoration (21ms)
Platform modules already initialized, skipping
Refreshing native plugins compatible for Editor in 3.13 ms, found 3 plugins.
Preloading 0 native plugins for Editor in 0.00 ms.
Unloading 5541 Unused Serialized files (Serialized files now loaded: 0)
Unloading 31 unused Assets / (0.7 MB). Loaded Objects now: 6164.
Memory consumption went from 219.1 MB to 218.4 MB.
Total: 5.303000 ms (FindLiveObjects: 0.485500 ms CreateObjectMapping: 0.266500 ms MarkObjects: 4.148500 ms  DeleteObjects: 0.400800 ms)

AssetImportParameters requested are different than current active one (requested -> active):
  custom:video-decoder-ogg-theora: a1e56fd34408186e4bbccfd4996cb3dc -> 
  custom:container-muxer-webm: aa71ff27fc2769a1b78a27578f13a17b -> 
  custom:container-demuxer-webm: 4f35f7cbe854078d1ac9338744f61a02 -> 
  custom:video-encoder-webm-vp8: eb34c28f22e8b96e1ab97ce403110664 -> 
  custom:audio-encoder-webm-vorbis: bf7c407c2cedff20999df2af8eb42d56 -> 
  custom:framework-win-MediaFoundation: 216162199b28c13a410421893ffa2e32 -> 
  custom:container-demuxer-ogg: 62fdf1f143b41e24485cea50d1cbac27 -> 
  custom:video-decoder-webm-vp8: 9c59270c3fd7afecdb556c50c9e8de78 -> 
  custom:audio-decoder-ogg-vorbis: bf7c407c2cedff20999df2af8eb42d56 -> 
========================================================================
Received Prepare
Registering precompiled user dll's ...
Registered in 0.005746 seconds.
Begin MonoManager ReloadAssembly
Symbol file LoadedFromMemory doesn't match image E:\Documents\VA\Unity_game\Critic\Library\PackageCache\com.unity.visualscripting@1.7.8\Editor\VisualScripting.Core\Dependencies\YamlDotNet\Unity.VisualScripting.YamlDotNet.dll
Symbol file LoadedFromMemory doesn't match image E:\Documents\VA\Unity_game\Critic\Library\PackageCache\com.unity.visualscripting@1.7.8\Editor\VisualScripting.Core\Dependencies\DotNetZip\Unity.VisualScripting.IonicZip.dll
Native extension for WindowsStandalone target not found
Native extension for Android target not found
Native extension for WebGL target not found
Refreshing native plugins compatible for Editor in 1.74 ms, found 3 plugins.
Preloading 0 native plugins for Editor in 0.00 ms.
Mono: successfully reloaded assembly
- Completed reload, in  1.785 seconds
Domain Reload Profiling:
	ReloadAssembly (1786ms)
		BeginReloadAssembly (188ms)
			ExecutionOrderSort (0ms)
			DisableScriptedObjects (5ms)
			BackupInstance (0ms)
			ReleaseScriptingObjects (0ms)
			CreateAndSetChildDomain (57ms)
		EndReloadAssembly (1464ms)
			LoadAssemblies (127ms)
			RebuildTransferFunctionScriptingTraits (0ms)
			SetupTypeCache (435ms)
			ReleaseScriptCaches (2ms)
			RebuildScriptCaches (72ms)
			SetupLoadedEditorAssemblies (753ms)
				LogAssemblyErrors (0ms)
				InitializePlatformSupportModulesInManaged (32ms)
				SetLoadedEditorAssemblies (1ms)
				RefreshPlugins (2ms)
				BeforeProcessingInitializeOnLoad (132ms)
				ProcessInitializeOnLoadAttributes (438ms)
				ProcessInitializeOnLoadMethodAttributes (137ms)
				AfterProcessingInitializeOnLoad (12ms)
				EditorAssembliesLoaded (0ms)
			ExecutionOrderSort2 (0ms)
			AwakeInstancesAfterBackupRestoration (20ms)
Platform modules already initialized, skipping
Refreshing native plugins compatible for Editor in 3.86 ms, found 3 plugins.
Preloading 0 native plugins for Editor in 0.00 ms.
Unloading 5541 Unused Serialized files (Serialized files now loaded: 0)
Unloading 31 unused Assets / (0.7 MB). Loaded Objects now: 6179.
Memory consumption went from 219.2 MB to 218.5 MB.
Total: 5.634400 ms (FindLiveObjects: 0.648200 ms CreateObjectMapping: 0.425400 ms MarkObjects: 4.089600 ms  DeleteObjects: 0.470200 ms)

AssetImportParameters requested are different than current active one (requested -> active):
  custom:video-decoder-ogg-theora: a1e56fd34408186e4bbccfd4996cb3dc -> 
  custom:container-muxer-webm: aa71ff27fc2769a1b78a27578f13a17b -> 
  custom:container-demuxer-webm: 4f35f7cbe854078d1ac9338744f61a02 -> 
  custom:video-encoder-webm-vp8: eb34c28f22e8b96e1ab97ce403110664 -> 
  custom:audio-encoder-webm-vorbis: bf7c407c2cedff20999df2af8eb42d56 -> 
  custom:framework-win-MediaFoundation: 216162199b28c13a410421893ffa2e32 -> 
  custom:container-demuxer-ogg: 62fdf1f143b41e24485cea50d1cbac27 -> 
  custom:video-decoder-webm-vp8: 9c59270c3fd7afecdb556c50c9e8de78 -> 
  custom:audio-decoder-ogg-vorbis: bf7c407c2cedff20999df2af8eb42d56 -> 
========================================================================
Received Prepare
Registering precompiled user dll's ...
Registered in 0.008416 seconds.
Begin MonoManager ReloadAssembly
Symbol file LoadedFromMemory doesn't match image E:\Documents\VA\Unity_game\Critic\Library\PackageCache\com.unity.visualscripting@1.7.8\Editor\VisualScripting.Core\Dependencies\YamlDotNet\Unity.VisualScripting.YamlDotNet.dll
Symbol file LoadedFromMemory doesn't match image E:\Documents\VA\Unity_game\Critic\Library\PackageCache\com.unity.visualscripting@1.7.8\Editor\VisualScripting.Core\Dependencies\DotNetZip\Unity.VisualScripting.IonicZip.dll
Native extension for WindowsStandalone target not found
Native extension for Android target not found
Native extension for WebGL target not found
Refreshing native plugins compatible for Editor in 1.28 ms, found 3 plugins.
Preloading 0 native plugins for Editor in 0.00 ms.
Mono: successfully reloaded assembly
- Completed reload, in  1.800 seconds
Domain Reload Profiling:
	ReloadAssembly (1801ms)
		BeginReloadAssembly (181ms)
			ExecutionOrderSort (0ms)
			DisableScriptedObjects (8ms)
			BackupInstance (0ms)
			ReleaseScriptingObjects (0ms)
			CreateAndSetChildDomain (53ms)
		EndReloadAssembly (1492ms)
			LoadAssemblies (130ms)
			RebuildTransferFunctionScriptingTraits (0ms)
			SetupTypeCache (436ms)
			ReleaseScriptCaches (3ms)
			RebuildScriptCaches (71ms)
			SetupLoadedEditorAssemblies (778ms)
				LogAssemblyErrors (0ms)
				InitializePlatformSupportModulesInManaged (35ms)
				SetLoadedEditorAssemblies (1ms)
				RefreshPlugins (1ms)
				BeforeProcessingInitializeOnLoad (131ms)
				ProcessInitializeOnLoadAttributes (462ms)
				ProcessInitializeOnLoadMethodAttributes (134ms)
				AfterProcessingInitializeOnLoad (14ms)
				EditorAssembliesLoaded (0ms)
			ExecutionOrderSort2 (0ms)
			AwakeInstancesAfterBackupRestoration (21ms)
Platform modules already initialized, skipping
Refreshing native plugins compatible for Editor in 2.82 ms, found 3 plugins.
Preloading 0 native plugins for Editor in 0.00 ms.
Unloading 5541 Unused Serialized files (Serialized files now loaded: 0)
Unloading 31 unused Assets / (0.8 MB). Loaded Objects now: 6194.
Memory consumption went from 219.2 MB to 218.5 MB.
Total: 6.683600 ms (FindLiveObjects: 0.935300 ms CreateObjectMapping: 0.490600 ms MarkObjects: 4.800300 ms  DeleteObjects: 0.454900 ms)

AssetImportParameters requested are different than current active one (requested -> active):
  custom:video-decoder-ogg-theora: a1e56fd34408186e4bbccfd4996cb3dc -> 
  custom:container-muxer-webm: aa71ff27fc2769a1b78a27578f13a17b -> 
  custom:container-demuxer-webm: 4f35f7cbe854078d1ac9338744f61a02 -> 
  custom:video-encoder-webm-vp8: eb34c28f22e8b96e1ab97ce403110664 -> 
  custom:audio-encoder-webm-vorbis: bf7c407c2cedff20999df2af8eb42d56 -> 
  custom:framework-win-MediaFoundation: 216162199b28c13a410421893ffa2e32 -> 
  custom:container-demuxer-ogg: 62fdf1f143b41e24485cea50d1cbac27 -> 
  custom:video-decoder-webm-vp8: 9c59270c3fd7afecdb556c50c9e8de78 -> 
  custom:audio-decoder-ogg-vorbis: bf7c407c2cedff20999df2af8eb42d56 -> 
========================================================================
Received Prepare
Registering precompiled user dll's ...
Registered in 0.006934 seconds.
Begin MonoManager ReloadAssembly
Symbol file LoadedFromMemory doesn't match image E:\Documents\VA\Unity_game\Critic\Library\PackageCache\com.unity.visualscripting@1.7.8\Editor\VisualScripting.Core\Dependencies\YamlDotNet\Unity.VisualScripting.YamlDotNet.dll
Symbol file LoadedFromMemory doesn't match image E:\Documents\VA\Unity_game\Critic\Library\PackageCache\com.unity.visualscripting@1.7.8\Editor\VisualScripting.Core\Dependencies\DotNetZip\Unity.VisualScripting.IonicZip.dll
Native extension for WindowsStandalone target not found
Native extension for Android target not found
Native extension for WebGL target not found
Refreshing native plugins compatible for Editor in 1.47 ms, found 3 plugins.
Preloading 0 native plugins for Editor in 0.00 ms.
Mono: successfully reloaded assembly
- Completed reload, in  1.781 seconds
Domain Reload Profiling:
	ReloadAssembly (1782ms)
		BeginReloadAssembly (185ms)
			ExecutionOrderSort (0ms)
			DisableScriptedObjects (6ms)
			BackupInstance (0ms)
			ReleaseScriptingObjects (0ms)
			CreateAndSetChildDomain (56ms)
		EndReloadAssembly (1448ms)
			LoadAssemblies (128ms)
			RebuildTransferFunctionScriptingTraits (0ms)
			SetupTypeCache (416ms)
			ReleaseScriptCaches (2ms)
			RebuildScriptCaches (75ms)
			SetupLoadedEditorAssemblies (749ms)
				LogAssemblyErrors (0ms)
				InitializePlatformSupportModulesInManaged (34ms)
				SetLoadedEditorAssemblies (1ms)
				RefreshPlugins (2ms)
				BeforeProcessingInitializeOnLoad (126ms)
				ProcessInitializeOnLoadAttributes (427ms)
				ProcessInitializeOnLoadMethodAttributes (146ms)
				AfterProcessingInitializeOnLoad (13ms)
				EditorAssembliesLoaded (0ms)
			ExecutionOrderSort2 (0ms)
			AwakeInstancesAfterBackupRestoration (23ms)
Platform modules already initialized, skipping
Refreshing native plugins compatible for Editor in 3.35 ms, found 3 plugins.
Preloading 0 native plugins for Editor in 0.00 ms.
Unloading 5541 Unused Serialized files (Serialized files now loaded: 0)
Unloading 31 unused Assets / (0.7 MB). Loaded Objects now: 6209.
Memory consumption went from 219.2 MB to 218.5 MB.
Total: 5.310700 ms (FindLiveObjects: 0.492500 ms CreateObjectMapping: 0.289600 ms MarkObjects: 4.081200 ms  DeleteObjects: 0.445900 ms)

AssetImportParameters requested are different than current active one (requested -> active):
  custom:video-decoder-ogg-theora: a1e56fd34408186e4bbccfd4996cb3dc -> 
  custom:container-muxer-webm: aa71ff27fc2769a1b78a27578f13a17b -> 
  custom:container-demuxer-webm: 4f35f7cbe854078d1ac9338744f61a02 -> 
  custom:video-encoder-webm-vp8: eb34c28f22e8b96e1ab97ce403110664 -> 
  custom:audio-encoder-webm-vorbis: bf7c407c2cedff20999df2af8eb42d56 -> 
  custom:framework-win-MediaFoundation: 216162199b28c13a410421893ffa2e32 -> 
  custom:container-demuxer-ogg: 62fdf1f143b41e24485cea50d1cbac27 -> 
  custom:video-decoder-webm-vp8: 9c59270c3fd7afecdb556c50c9e8de78 -> 
  custom:audio-decoder-ogg-vorbis: bf7c407c2cedff20999df2af8eb42d56 -> 
========================================================================
Received Prepare
Registering precompiled user dll's ...
Registered in 0.006451 seconds.
Begin MonoManager ReloadAssembly
Symbol file LoadedFromMemory doesn't match image E:\Documents\VA\Unity_game\Critic\Library\PackageCache\com.unity.visualscripting@1.7.8\Editor\VisualScripting.Core\Dependencies\YamlDotNet\Unity.VisualScripting.YamlDotNet.dll
Symbol file LoadedFromMemory doesn't match image E:\Documents\VA\Unity_game\Critic\Library\PackageCache\com.unity.visualscripting@1.7.8\Editor\VisualScripting.Core\Dependencies\DotNetZip\Unity.VisualScripting.IonicZip.dll
Native extension for WindowsStandalone target not found
Native extension for Android target not found
Native extension for WebGL target not found
Refreshing native plugins compatible for Editor in 1.94 ms, found 3 plugins.
Preloading 0 native plugins for Editor in 0.00 ms.
Mono: successfully reloaded assembly
- Completed reload, in  1.792 seconds
Domain Reload Profiling:
	ReloadAssembly (1793ms)
		BeginReloadAssembly (191ms)
			ExecutionOrderSort (0ms)
			DisableScriptedObjects (5ms)
			BackupInstance (0ms)
			ReleaseScriptingObjects (0ms)
			CreateAndSetChildDomain (56ms)
		EndReloadAssembly (1477ms)
			LoadAssemblies (137ms)
			RebuildTransferFunctionScriptingTraits (0ms)
			SetupTypeCache (442ms)
			ReleaseScriptCaches (3ms)
			RebuildScriptCaches (72ms)
			SetupLoadedEditorAssemblies (752ms)
				LogAssemblyErrors (0ms)
				InitializePlatformSupportModulesInManaged (38ms)
				SetLoadedEditorAssemblies (1ms)
				RefreshPlugins (2ms)
				BeforeProcessingInitializeOnLoad (121ms)
				ProcessInitializeOnLoadAttributes (438ms)
				ProcessInitializeOnLoadMethodAttributes (137ms)
				AfterProcessingInitializeOnLoad (15ms)
				EditorAssembliesLoaded (0ms)
			ExecutionOrderSort2 (0ms)
			AwakeInstancesAfterBackupRestoration (22ms)
Platform modules already initialized, skipping
Refreshing native plugins compatible for Editor in 3.36 ms, found 3 plugins.
Preloading 0 native plugins for Editor in 0.00 ms.
Unloading 5541 Unused Serialized files (Serialized files now loaded: 0)
Unloading 31 unused Assets / (0.7 MB). Loaded Objects now: 6224.
Memory consumption went from 219.3 MB to 218.5 MB.
Total: 5.168200 ms (FindLiveObjects: 0.581800 ms CreateObjectMapping: 0.406100 ms MarkObjects: 3.495100 ms  DeleteObjects: 0.683700 ms)

AssetImportParameters requested are different than current active one (requested -> active):
  custom:video-decoder-ogg-theora: a1e56fd34408186e4bbccfd4996cb3dc -> 
  custom:container-muxer-webm: aa71ff27fc2769a1b78a27578f13a17b -> 
  custom:container-demuxer-webm: 4f35f7cbe854078d1ac9338744f61a02 -> 
  custom:video-encoder-webm-vp8: eb34c28f22e8b96e1ab97ce403110664 -> 
  custom:audio-encoder-webm-vorbis: bf7c407c2cedff20999df2af8eb42d56 -> 
  custom:framework-win-MediaFoundation: 216162199b28c13a410421893ffa2e32 -> 
  custom:container-demuxer-ogg: 62fdf1f143b41e24485cea50d1cbac27 -> 
  custom:video-decoder-webm-vp8: 9c59270c3fd7afecdb556c50c9e8de78 -> 
  custom:audio-decoder-ogg-vorbis: bf7c407c2cedff20999df2af8eb42d56 -> 
========================================================================
Received Import Request.
  Time since last request: 1057.160252 seconds.
  path: Assets/Models/dicuss.fbx
  artifactKey: Guid(e010eb2f3b4333a4ca16f48f5e477bcb) Importer(815301076,1909f56bfc062723c751e8b465ee728b)
Start importing Assets/Models/dicuss.fbx using Guid(e010eb2f3b4333a4ca16f48f5e477bcb) Importer(815301076,1909f56bfc062723c751e8b465ee728b)  -> (artifact id: 'b510bfc12c786cb9910542afabf9e40e') in 0.353335 seconds 
========================================================================
Received Prepare
Registering precompiled user dll's ...
Registered in 0.006961 seconds.
Begin MonoManager ReloadAssembly
Symbol file LoadedFromMemory doesn't match image E:\Documents\VA\Unity_game\Critic\Library\PackageCache\com.unity.visualscripting@1.7.8\Editor\VisualScripting.Core\Dependencies\YamlDotNet\Unity.VisualScripting.YamlDotNet.dll
Symbol file LoadedFromMemory doesn't match image E:\Documents\VA\Unity_game\Critic\Library\PackageCache\com.unity.visualscripting@1.7.8\Editor\VisualScripting.Core\Dependencies\DotNetZip\Unity.VisualScripting.IonicZip.dll
Native extension for WindowsStandalone target not found
Native extension for Android target not found
Native extension for WebGL target not found
Refreshing native plugins compatible for Editor in 1.20 ms, found 3 plugins.
Preloading 0 native plugins for Editor in 0.00 ms.
Mono: successfully reloaded assembly
- Completed reload, in  1.907 seconds
Domain Reload Profiling:
	ReloadAssembly (1908ms)
		BeginReloadAssembly (200ms)
			ExecutionOrderSort (0ms)
			DisableScriptedObjects (10ms)
			BackupInstance (0ms)
			ReleaseScriptingObjects (0ms)
			CreateAndSetChildDomain (62ms)
		EndReloadAssembly (1569ms)
			LoadAssemblies (135ms)
			RebuildTransferFunctionScriptingTraits (0ms)
			SetupTypeCache (487ms)
			ReleaseScriptCaches (3ms)
			RebuildScriptCaches (73ms)
			SetupLoadedEditorAssemblies (761ms)
				LogAssemblyErrors (0ms)
				InitializePlatformSupportModulesInManaged (33ms)
				SetLoadedEditorAssemblies (1ms)
				RefreshPlugins (1ms)
				BeforeProcessingInitializeOnLoad (113ms)
				ProcessInitializeOnLoadAttributes (459ms)
				ProcessInitializeOnLoadMethodAttributes (141ms)
				AfterProcessingInitializeOnLoad (12ms)
				EditorAssembliesLoaded (0ms)
			ExecutionOrderSort2 (0ms)
			AwakeInstancesAfterBackupRestoration (33ms)
Platform modules already initialized, skipping
Refreshing native plugins compatible for Editor in 3.70 ms, found 3 plugins.
Preloading 0 native plugins for Editor in 0.00 ms.
Unloading 5548 Unused Serialized files (Serialized files now loaded: 0)
Unloading 31 unused Assets / (0.7 MB). Loaded Objects now: 6323.
Memory consumption went from 222.4 MB to 221.6 MB.
Total: 6.262300 ms (FindLiveObjects: 0.583600 ms CreateObjectMapping: 0.379300 ms MarkObjects: 4.829900 ms  DeleteObjects: 0.468200 ms)

AssetImportParameters requested are different than current active one (requested -> active):
  custom:video-decoder-ogg-theora: a1e56fd34408186e4bbccfd4996cb3dc -> 
  custom:container-muxer-webm: aa71ff27fc2769a1b78a27578f13a17b -> 
  custom:container-demuxer-webm: 4f35f7cbe854078d1ac9338744f61a02 -> 
  custom:video-encoder-webm-vp8: eb34c28f22e8b96e1ab97ce403110664 -> 
  custom:audio-encoder-webm-vorbis: bf7c407c2cedff20999df2af8eb42d56 -> 
  custom:framework-win-MediaFoundation: 216162199b28c13a410421893ffa2e32 -> 
  custom:container-demuxer-ogg: 62fdf1f143b41e24485cea50d1cbac27 -> 
  custom:video-decoder-webm-vp8: 9c59270c3fd7afecdb556c50c9e8de78 -> 
  custom:audio-decoder-ogg-vorbis: bf7c407c2cedff20999df2af8eb42d56 -> 
========================================================================
Received Prepare
Registering precompiled user dll's ...
Registered in 0.006426 seconds.
Begin MonoManager ReloadAssembly
Symbol file LoadedFromMemory doesn't match image E:\Documents\VA\Unity_game\Critic\Library\PackageCache\com.unity.visualscripting@1.7.8\Editor\VisualScripting.Core\Dependencies\YamlDotNet\Unity.VisualScripting.YamlDotNet.dll
Symbol file LoadedFromMemory doesn't match image E:\Documents\VA\Unity_game\Critic\Library\PackageCache\com.unity.visualscripting@1.7.8\Editor\VisualScripting.Core\Dependencies\DotNetZip\Unity.VisualScripting.IonicZip.dll
Native extension for WindowsStandalone target not found
Native extension for Android target not found
Native extension for WebGL target not found
Refreshing native plugins compatible for Editor in 1.56 ms, found 3 plugins.
Preloading 0 native plugins for Editor in 0.00 ms.
Mono: successfully reloaded assembly
- Completed reload, in  1.787 seconds
Domain Reload Profiling:
	ReloadAssembly (1787ms)
		BeginReloadAssembly (189ms)
			ExecutionOrderSort (0ms)
			DisableScriptedObjects (5ms)
			BackupInstance (0ms)
			ReleaseScriptingObjects (0ms)
			CreateAndSetChildDomain (51ms)
		EndReloadAssembly (1472ms)
			LoadAssemblies (136ms)
			RebuildTransferFunctionScriptingTraits (0ms)
			SetupTypeCache (399ms)
			ReleaseScriptCaches (3ms)
			RebuildScriptCaches (70ms)
			SetupLoadedEditorAssemblies (755ms)
				LogAssemblyErrors (0ms)
				InitializePlatformSupportModulesInManaged (35ms)
				SetLoadedEditorAssemblies (1ms)
				RefreshPlugins (2ms)
				BeforeProcessingInitializeOnLoad (127ms)
				ProcessInitializeOnLoadAttributes (438ms)
				ProcessInitializeOnLoadMethodAttributes (140ms)
				AfterProcessingInitializeOnLoad (12ms)
				EditorAssembliesLoaded (0ms)
			ExecutionOrderSort2 (0ms)
			AwakeInstancesAfterBackupRestoration (30ms)
Platform modules already initialized, skipping
Refreshing native plugins compatible for Editor in 3.10 ms, found 3 plugins.
Preloading 0 native plugins for Editor in 0.00 ms.
Unloading 5549 Unused Serialized files (Serialized files now loaded: 0)
Unloading 31 unused Assets / (0.8 MB). Loaded Objects now: 6338.
Memory consumption went from 222.5 MB to 221.7 MB.
Total: 5.536900 ms (FindLiveObjects: 0.528600 ms CreateObjectMapping: 0.280100 ms MarkObjects: 4.247000 ms  DeleteObjects: 0.479500 ms)

AssetImportParameters requested are different than current active one (requested -> active):
  custom:video-decoder-ogg-theora: a1e56fd34408186e4bbccfd4996cb3dc -> 
  custom:container-muxer-webm: aa71ff27fc2769a1b78a27578f13a17b -> 
  custom:container-demuxer-webm: 4f35f7cbe854078d1ac9338744f61a02 -> 
  custom:video-encoder-webm-vp8: eb34c28f22e8b96e1ab97ce403110664 -> 
  custom:audio-encoder-webm-vorbis: bf7c407c2cedff20999df2af8eb42d56 -> 
  custom:framework-win-MediaFoundation: 216162199b28c13a410421893ffa2e32 -> 
  custom:container-demuxer-ogg: 62fdf1f143b41e24485cea50d1cbac27 -> 
  custom:video-decoder-webm-vp8: 9c59270c3fd7afecdb556c50c9e8de78 -> 
  custom:audio-decoder-ogg-vorbis: bf7c407c2cedff20999df2af8eb42d56 -> 
========================================================================
Received Prepare
Registering precompiled user dll's ...
Registered in 0.006202 seconds.
Begin MonoManager ReloadAssembly
Symbol file LoadedFromMemory doesn't match image E:\Documents\VA\Unity_game\Critic\Library\PackageCache\com.unity.visualscripting@1.7.8\Editor\VisualScripting.Core\Dependencies\YamlDotNet\Unity.VisualScripting.YamlDotNet.dll
Symbol file LoadedFromMemory doesn't match image E:\Documents\VA\Unity_game\Critic\Library\PackageCache\com.unity.visualscripting@1.7.8\Editor\VisualScripting.Core\Dependencies\DotNetZip\Unity.VisualScripting.IonicZip.dll
Native extension for WindowsStandalone target not found
Native extension for Android target not found
Native extension for WebGL target not found
Refreshing native plugins compatible for Editor in 1.67 ms, found 3 plugins.
Preloading 0 native plugins for Editor in 0.00 ms.
Mono: successfully reloaded assembly
- Completed reload, in  1.822 seconds
Domain Reload Profiling:
	ReloadAssembly (1823ms)
		BeginReloadAssembly (186ms)
			ExecutionOrderSort (0ms)
			DisableScriptedObjects (5ms)
			BackupInstance (0ms)
			ReleaseScriptingObjects (0ms)
			CreateAndSetChildDomain (53ms)
		EndReloadAssembly (1502ms)
			LoadAssemblies (129ms)
			RebuildTransferFunctionScriptingTraits (0ms)
			SetupTypeCache (451ms)
			ReleaseScriptCaches (2ms)
			RebuildScriptCaches (75ms)
			SetupLoadedEditorAssemblies (736ms)
				LogAssemblyErrors (0ms)
				InitializePlatformSupportModulesInManaged (34ms)
				SetLoadedEditorAssemblies (1ms)
				RefreshPlugins (2ms)
				BeforeProcessingInitializeOnLoad (118ms)
				ProcessInitializeOnLoadAttributes (435ms)
				ProcessInitializeOnLoadMethodAttributes (134ms)
				AfterProcessingInitializeOnLoad (11ms)
				EditorAssembliesLoaded (0ms)
			ExecutionOrderSort2 (0ms)
			AwakeInstancesAfterBackupRestoration (28ms)
Platform modules already initialized, skipping
Refreshing native plugins compatible for Editor in 3.62 ms, found 3 plugins.
Preloading 0 native plugins for Editor in 0.00 ms.
Unloading 5549 Unused Serialized files (Serialized files now loaded: 0)
Unloading 31 unused Assets / (0.7 MB). Loaded Objects now: 6353.
Memory consumption went from 222.5 MB to 221.7 MB.
Total: 4.827200 ms (FindLiveObjects: 0.506900 ms CreateObjectMapping: 0.289000 ms MarkObjects: 3.624400 ms  DeleteObjects: 0.405400 ms)

AssetImportParameters requested are different than current active one (requested -> active):
  custom:video-decoder-ogg-theora: a1e56fd34408186e4bbccfd4996cb3dc -> 
  custom:container-muxer-webm: aa71ff27fc2769a1b78a27578f13a17b -> 
  custom:container-demuxer-webm: 4f35f7cbe854078d1ac9338744f61a02 -> 
  custom:video-encoder-webm-vp8: eb34c28f22e8b96e1ab97ce403110664 -> 
  custom:audio-encoder-webm-vorbis: bf7c407c2cedff20999df2af8eb42d56 -> 
  custom:framework-win-MediaFoundation: 216162199b28c13a410421893ffa2e32 -> 
  custom:container-demuxer-ogg: 62fdf1f143b41e24485cea50d1cbac27 -> 
  custom:video-decoder-webm-vp8: 9c59270c3fd7afecdb556c50c9e8de78 -> 
  custom:audio-decoder-ogg-vorbis: bf7c407c2cedff20999df2af8eb42d56 -> 
========================================================================
Received Prepare
Registering precompiled user dll's ...
Registered in 0.008559 seconds.
Begin MonoManager ReloadAssembly
Symbol file LoadedFromMemory doesn't match image E:\Documents\VA\Unity_game\Critic\Library\PackageCache\com.unity.visualscripting@1.7.8\Editor\VisualScripting.Core\Dependencies\YamlDotNet\Unity.VisualScripting.YamlDotNet.dll
Symbol file LoadedFromMemory doesn't match image E:\Documents\VA\Unity_game\Critic\Library\PackageCache\com.unity.visualscripting@1.7.8\Editor\VisualScripting.Core\Dependencies\DotNetZip\Unity.VisualScripting.IonicZip.dll
Native extension for WindowsStandalone target not found
Native extension for Android target not found
Native extension for WebGL target not found
Refreshing native plugins compatible for Editor in 1.28 ms, found 3 plugins.
Preloading 0 native plugins for Editor in 0.00 ms.
Mono: successfully reloaded assembly
- Completed reload, in  1.808 seconds
Domain Reload Profiling:
	ReloadAssembly (1808ms)
		BeginReloadAssembly (182ms)
			ExecutionOrderSort (0ms)
			DisableScriptedObjects (6ms)
			BackupInstance (0ms)
			ReleaseScriptingObjects (0ms)
			CreateAndSetChildDomain (51ms)
		EndReloadAssembly (1504ms)
			LoadAssemblies (129ms)
			RebuildTransferFunctionScriptingTraits (0ms)
			SetupTypeCache (428ms)
			ReleaseScriptCaches (3ms)
			RebuildScriptCaches (82ms)
			SetupLoadedEditorAssemblies (747ms)
				LogAssemblyErrors (0ms)
				InitializePlatformSupportModulesInManaged (35ms)
				SetLoadedEditorAssemblies (1ms)
				RefreshPlugins (1ms)
				BeforeProcessingInitializeOnLoad (133ms)
				ProcessInitializeOnLoadAttributes (429ms)
				ProcessInitializeOnLoadMethodAttributes (133ms)
				AfterProcessingInitializeOnLoad (15ms)
				EditorAssembliesLoaded (0ms)
			ExecutionOrderSort2 (0ms)
			AwakeInstancesAfterBackupRestoration (22ms)
Platform modules already initialized, skipping
Refreshing native plugins compatible for Editor in 3.04 ms, found 3 plugins.
Preloading 0 native plugins for Editor in 0.00 ms.
Unloading 5549 Unused Serialized files (Serialized files now loaded: 0)
Unloading 31 unused Assets / (0.7 MB). Loaded Objects now: 6368.
Memory consumption went from 222.5 MB to 221.7 MB.
Total: 6.735600 ms (FindLiveObjects: 0.535500 ms CreateObjectMapping: 0.280000 ms MarkObjects: 5.357900 ms  DeleteObjects: 0.560800 ms)

AssetImportParameters requested are different than current active one (requested -> active):
  custom:video-decoder-ogg-theora: a1e56fd34408186e4bbccfd4996cb3dc -> 
  custom:container-muxer-webm: aa71ff27fc2769a1b78a27578f13a17b -> 
  custom:container-demuxer-webm: 4f35f7cbe854078d1ac9338744f61a02 -> 
  custom:video-encoder-webm-vp8: eb34c28f22e8b96e1ab97ce403110664 -> 
  custom:audio-encoder-webm-vorbis: bf7c407c2cedff20999df2af8eb42d56 -> 
  custom:framework-win-MediaFoundation: 216162199b28c13a410421893ffa2e32 -> 
  custom:container-demuxer-ogg: 62fdf1f143b41e24485cea50d1cbac27 -> 
  custom:video-decoder-webm-vp8: 9c59270c3fd7afecdb556c50c9e8de78 -> 
  custom:audio-decoder-ogg-vorbis: bf7c407c2cedff20999df2af8eb42d56 -> 
